2019-11-06 23:11:03 INFO  SignUpPage :46 - Sign Up Link
2019-11-06 23:11:748 INFO  SignUpPage :46 - Sign Up Link
2019-11-06 23:11:111 INFO  SignUpPage :46 - Sign Up Link
2019-11-06 23:11:473 INFO  SignUpPage :56 - First Name
2019-11-06 23:11:62 INFO  SignUpPage :61 - Last Name
2019-11-06 23:11:981 INFO  SignUpPage :46 - Sign Up Link
2019-11-06 23:11:443 INFO  SignUpPage :56 - First Name
2019-11-06 23:11:600 INFO  SignUpPage :61 - Last Name
2019-11-06 23:11:748 INFO  SignUpPage :46 - Sign Up Link
2019-11-06 23:11:998 INFO  SignUpPage :56 - First Name
2019-11-06 23:11:605 INFO  SignUpPage :61 - Last Name
2019-11-06 23:11:838 INFO  SignUpPage :46 - Sign Up Link
2019-11-06 23:11:261 INFO  SignUpPage :56 - First Name
2019-11-06 23:11:16 INFO  SignUpPage :61 - Last Name
2019-11-06 23:11:730 INFO  SignUpPage :46 - Sign Up Link
2019-11-06 23:11:781 INFO  SignUpPage :56 - First Name
2019-11-06 23:11:694 INFO  SignUpPage :61 - Last Name
2019-11-06 23:11:843 INFO  SignUpPage :46 - Sign Up Link
2019-11-06 23:11:962 INFO  SignUpPage :56 - First Name
2019-11-06 23:11:673 INFO  SignUpPage :46 - Sign Up Link
2019-11-06 23:11:805 INFO  SignUpPage :56 - First Name
2019-11-06 23:11:216 INFO  SignUpPage :61 - Last Name
2019-11-06 23:11:951 INFO  SignUpPage :46 - Sign Up Link
2019-11-06 23:11:988 INFO  SignUpPage :56 - First Name
2019-11-06 23:11:575 INFO  SignUpPage :61 - Last Name
2019-11-06 23:11:00 INFO  SignUpPage :46 - Sign Up Link
2019-11-06 23:11:546 INFO  SignUpPage :56 - First Name
2019-11-06 23:11:431 INFO  SignUpPage :61 - Last Name
2019-11-06 23:11:548 INFO  SignUpPage :46 - Sign Up Link
2019-11-06 23:11:262 INFO  SignUpPage :56 - First Name
2019-11-06 23:11:73 INFO  SignUpPage :61 - Last Name
2019-11-06 23:11:921 INFO  SignUpPage :65 - Age
2019-11-06 23:11:582 INFO  SignUpPage :46 - Sign Up Link
2019-11-06 23:11:390 INFO  SignUpPage :56 - First Name
2019-11-06 23:11:758 INFO  SignUpPage :61 - Last Name
2019-11-06 23:11:70 INFO  SignUpPage :65 - Age
2019-11-06 23:11:178 INFO  SignUpPage :69 - Enter Email
2019-11-06 23:11:678 INFO  SignUpPage :73 - Enter password
2019-11-06 23:11:965 INFO  SignUpPage :77 - Sign Up Button
2019-11-06 23:11:101 INFO  SignUpPage :81 - Sign Up Button Verification
